struct Point{
    int x;
    int y;
};

int x;
int y;
int x;
struct Point p1;
struct p1{
    int x;
};

int f(int x, bool b) {
}

void g() {
    int a;
    bool b;
    int a;
    struct Point p;
    (p(struct)).x = a(int);
    b(bool) = (a(int) == 3);
    f(function)((a(int) + ((p(struct)).y * 2)), b(bool));
    g(function)();
}

int foo(int a, int b) {
    a(int) = (b(int) + 1);
    return a(int);
}

int bar(bool test, int x) {
    if (test(bool)) {
        x(int) = (x(int) + 1);
        return x(int);
    }
    else {
        return (x(int) - 1);
    }
}

